<?xml version="1.0" encoding="UTF-8"?>
<!-- Generated by org.testng.reporters.JUnitXMLReporter -->
<testsuite hostname="Saikrishna" name="Default test" tests="3" failures="0" timestamp="1 Sep 2016 21:34:59 GMT" time="0.024" errors="0">
  <testcase name="addTest" time="0.006" classname="jenkinsdemotest.SuiteOne"/>
  <testcase name="mulTest" time="0.001" classname="jenkinsdemotest.SuiteOne"/>
  <testcase name="subTest" time="0.001" classname="jenkinsdemotest.SuiteOne"/>
</testsuite> <!-- Default test -->
